<?xml version="1.0" encoding="UTF-8"?>
<!-- Generated by org.testng.reporters.JUnitReportReporter -->
<testsuite hostname="DESKTOP-2R5B3SA" failures="0" tests="2" name="A1TestNG.ZCampaignTest" time="24.692" errors="0" timestamp="2022-10-18T17:25:40 IST" skipped="0">
  <testcase classname="A1TestNG.ZCampaignTest" name="modifyCampaign" time="8.818"/>
  <system-out/>
  <testcase classname="A1TestNG.ZCampaignTest" name="zcampaignTest" time="15.874"/>
  <system-out/>
</testsuite> <!-- A1TestNG.ZCampaignTest -->
