<?xml version="1.0" encoding="UTF-8"?>
<!-- Generated by org.testng.reporters.JUnitReportReporter -->
<testsuite hostname="DESKTOP-2R5B3SA" failures="0" tests="1" name="A1TestNG.ProductsDelete" time="51.657" errors="0" timestamp="2022-10-11T21:58:21 IST" skipped="0">
  <testcase classname="A1TestNG.ProductsDelete" name="productsDelete" time="51.657"/>
  <system-out/>
</testsuite> <!-- A1TestNG.ProductsDelete -->
