<?xml version="1.0" encoding="UTF-8"?>
<!-- Generated by org.testng.reporters.JUnitReportReporter -->
<testsuite hostname="DESKTOP-2R5B3SA" failures="0" tests="1" name="A1TestNG.ZCampaignWithProductTest" time="26.138" errors="0" timestamp="2022-10-11T22:19:12 IST" skipped="0">
  <testcase classname="A1TestNG.ZCampaignWithProductTest" name="zcampaignWithProductTest" time="26.138"/>
  <system-out/>
</testsuite> <!-- A1TestNG.ZCampaignWithProductTest -->
