<?xml version="1.0" encoding="UTF-8"?>
<!-- Generated by org.testng.reporters.JUnitReportReporter -->
<testsuite hostname="DESKTOP-2R5B3SA" failures="0" tests="1" name="A1TestNG.Runparameter" time="8.361" errors="0" timestamp="2022-10-11T22:30:50 IST" skipped="0">
  <testcase classname="A1TestNG.Runparameter" name="method" time="8.361"/>
  <system-out/>
</testsuite> <!-- A1TestNG.Runparameter -->
