<?xml version="1.0" encoding="UTF-8"?>
<!-- Generated by org.testng.reporters.JUnitReportReporter -->
<testsuite hostname="DESKTOP-2R5B3SA" failures="0" tests="2" name="A1TestNG.OrganizationTest" time="112.475" errors="0" timestamp="2022-10-21T21:06:37 IST" skipped="0">
  <testcase classname="A1TestNG.OrganizationTest" name="organizationTest" time="58.041"/>
  <system-out/>
  <testcase classname="A1TestNG.OrganizationTest" name="modifyOrg" time="54.434"/>
  <system-out/>
</testsuite> <!-- A1TestNG.OrganizationTest -->
