<?xml version="1.0" encoding="UTF-8"?>
<!-- Generated by org.testng.reporters.JUnitReportReporter -->
<testsuite hostname="DESKTOP-2R5B3SA" failures="0" tests="1" name="Runparameter.Runparameter" time="7.950" errors="0" timestamp="2022-10-11T22:36:42 IST" skipped="0">
  <testcase classname="Runparameter.Runparameter" name="method" time="7.950"/>
  <system-out/>
</testsuite> <!-- Runparameter.Runparameter -->
