<?xml version="1.0" encoding="UTF-8"?>
<!-- Generated by org.testng.reporters.JUnitReportReporter -->
<testsuite hostname="DESKTOP-2R5B3SA" failures="0" tests="5" name="DataProvider.DataproviserTest" time="0.022" errors="0" timestamp="2022-10-12T20:57:53 IST" skipped="0">
  <testcase classname="DataProvider.DataproviserTest" name="bookTicket" time="0.002"/>
  <system-out/>
  <testcase classname="DataProvider.DataproviserTest" name="bookTicket" time="0.003"/>
  <system-out/>
  <testcase classname="DataProvider.DataproviserTest" name="bookTicket" time="0.004"/>
  <system-out/>
  <testcase classname="DataProvider.DataproviserTest" name="bookTicket" time="0.003"/>
  <system-out/>
  <testcase classname="DataProvider.DataproviserTest" name="bookTicket" time="0.010"/>
  <system-out/>
</testsuite> <!-- DataProvider.DataproviserTest -->
