<?xml version="1.0" encoding="UTF-8"?>
<!-- Generated by org.testng.reporters.JUnitReportReporter -->
<testsuite hostname="DESKTOP-2R5B3SA" failures="0" tests="2" name="A1TestNG.ProductTest" time="28.433" errors="0" timestamp="2022-10-18T17:25:40 IST" skipped="0">
  <testcase classname="A1TestNG.ProductTest" name="productTest" time="19.435"/>
  <system-out/>
  <testcase classname="A1TestNG.ProductTest" name="ProductModify" time="8.998"/>
  <system-out/>
</testsuite> <!-- A1TestNG.ProductTest -->
